<?xml version="1.1" encoding="UTF-8"?>
<testsuite name="com.yummynoodlebar.config.CoreDomainIntegrationTest" tests="1" failures="0" errors="0" timestamp="1970-01-01T00:00:00" hostname="Angies-MacBook-Pro.local" time="1.410977248629E9">
  <properties/>
  <testcase name="thatAllMenuItemsReturned" classname="com.yummynoodlebar.config.CoreDomainIntegrationTest" time="0.693"/>
  <system-out><![CDATA[2014-09-17 14:07:27 DEBUG SpringJUnit4ClassRunner:106 - SpringJUnit4ClassRunner constructor called with [class com.yummynoodlebar.config.CoreDomainIntegrationTest].
2014-09-17 14:07:27 DEBUG AbstractDelegatingSmartContextLoader:89 - Delegating to AnnotationConfigContextLoader to process context configuration [ContextConfigurationAttributes@133c118a declaringClass = 'com.yummynoodlebar.config.CoreDomainIntegrationTest', locations = '{}', classes = '{class com.yummynoodlebar.config.PersistenceConfig, class com.yummynoodlebar.config.CoreConfig}', inheritLocations = true, initializers = '{}', inheritInitializers = true, name = [null], contextLoaderClass = 'org.springframework.test.context.ContextLoader'].
2014-09-17 14:07:27 DEBUG ContextLoaderUtils:471 - Could not find an 'annotation declaring class' for annotation type [org.springframework.test.context.ActiveProfiles] and class [com.yummynoodlebar.config.CoreDomainIntegrationTest]
2014-09-17 14:07:27 DEBUG TestContextManager:184 - @TestExecutionListeners is not present for class [class com.yummynoodlebar.config.CoreDomainIntegrationTest]: using defaults.
2014-09-17 14:07:27 DEBUG TestContextManager:226 - Could not instantiate default TestExecutionListener class [org.springframework.test.context.transaction.TransactionalTestExecutionListener]. Specify custom listener classes or make the default listener classes available.
2014-09-17 14:07:27 DEBUG ProfileValueUtils:68 - Retrieved @ProfileValueSourceConfiguration [null] for test class [com.yummynoodlebar.config.CoreDomainIntegrationTest]
2014-09-17 14:07:27 DEBUG ProfileValueUtils:80 - Retrieved ProfileValueSource type [class org.springframework.test.annotation.SystemProfileValueSource] for class [com.yummynoodlebar.config.CoreDomainIntegrationTest]
2014-09-17 14:07:27 DEBUG ProfileValueUtils:68 - Retrieved @ProfileValueSourceConfiguration [null] for test class [com.yummynoodlebar.config.CoreDomainIntegrationTest]
2014-09-17 14:07:27 DEBUG ProfileValueUtils:80 - Retrieved ProfileValueSource type [class org.springframework.test.annotation.SystemProfileValueSource] for class [com.yummynoodlebar.config.CoreDomainIntegrationTest]
2014-09-17 14:07:27 DEBUG ProfileValueUtils:68 - Retrieved @ProfileValueSourceConfiguration [null] for test class [com.yummynoodlebar.config.CoreDomainIntegrationTest]
2014-09-17 14:07:27 DEBUG ProfileValueUtils:80 - Retrieved ProfileValueSource type [class org.springframework.test.annotation.SystemProfileValueSource] for class [com.yummynoodlebar.config.CoreDomainIntegrationTest]
2014-09-17 14:07:27 DEBUG ProfileValueUtils:68 - Retrieved @ProfileValueSourceConfiguration [null] for test class [com.yummynoodlebar.config.CoreDomainIntegrationTest]
2014-09-17 14:07:27 DEBUG ProfileValueUtils:80 - Retrieved ProfileValueSource type [class org.springframework.test.annotation.SystemProfileValueSource] for class [com.yummynoodlebar.config.CoreDomainIntegrationTest]
2014-09-17 14:07:27 DEBUG AbstractDelegatingSmartContextLoader:98 - Delegating to AnnotationConfigContextLoader to load context from [MergedContextConfiguration@2668d102 testClass = CoreDomainIntegrationTest, locations = '{}', classes = '{class com.yummynoodlebar.config.PersistenceConfig, class com.yummynoodlebar.config.CoreConfig}', contextInitializerClasses = '[]', activeProfiles = '{}', contextLoader = 'org.springframework.test.context.support.DelegatingSmartContextLoader', parent = [null]].
2014-09-17 14:07:27 DEBUG AbstractGenericContextLoader:104 - Loading ApplicationContext for merged context configuration [[MergedContextConfiguration@2668d102 testClass = CoreDomainIntegrationTest, locations = '{}', classes = '{class com.yummynoodlebar.config.PersistenceConfig, class com.yummynoodlebar.config.CoreConfig}', contextInitializerClasses = '[]', activeProfiles = '{}', contextLoader = 'org.springframework.test.context.support.DelegatingSmartContextLoader', parent = [null]]].
2014-09-17 14:07:28 DEBUG StandardEnvironment:112 - Initializing new StandardEnvironment
2014-09-17 14:07:28 DEBUG StandardEnvironment:107 - Adding [systemProperties] PropertySource with lowest search precedence
2014-09-17 14:07:28 DEBUG StandardEnvironment:107 - Adding [systemEnvironment] PropertySource with lowest search precedence
2014-09-17 14:07:28 DEBUG StandardEnvironment:116 - Initialized StandardEnvironment with PropertySources [systemProperties,systemEnvironment]
2014-09-17 14:07:28 DEBUG AnnotationConfigContextLoader:171 - Registering annotated classes: {class com.yummynoodlebar.config.PersistenceConfig, class com.yummynoodlebar.config.CoreConfig}
2014-09-17 14:07:28 INFO  GenericApplicationContext:510 - Refreshing org.springframework.context.support.GenericApplicationContext@4d51cf84: startup date [Wed Sep 17 14:07:28 EDT 2014]; root of context hierarchy
2014-09-17 14:07:28 DEBUG GenericApplicationContext:540 - Bean factory for org.springframework.context.support.GenericApplicationContext@4d51cf84: org.springframework.beans.factory.support.DefaultListableBeanFactory@7c542b0c: defining beans [org.springframework.context.annotation.internalConfigurationAnnotationProcessor,org.springframework.context.annotation.internalAutowiredAnnotationProcessor,org.springframework.context.annotation.internalRequiredAnnotationProcessor,org.springframework.context.annotation.internalCommonAnnotationProcessor,persistenceConfig,coreConfig]; root of factory hierarchy
2014-09-17 14:07:28 DEBUG DefaultListableBeanFactory:215 - Creating shared instance of singleton bean 'org.springframework.context.annotation.internalConfigurationAnnotationProcessor'
2014-09-17 14:07:28 DEBUG DefaultListableBeanFactory:432 - Creating instance of bean 'org.springframework.context.annotation.internalConfigurationAnnotationProcessor'
2014-09-17 14:07:28 DEBUG DefaultListableBeanFactory:506 - Eagerly caching bean 'org.springframework.context.annotation.internalConfigurationAnnotationProcessor' to allow for resolving potential circular references
2014-09-17 14:07:28 DEBUG DefaultListableBeanFactory:460 - Finished creating instance of bean 'org.springframework.context.annotation.internalConfigurationAnnotationProcessor'
2014-09-17 14:07:28 DEBUG ConfigurationClassBeanDefinitionReader:262 - Registering bean definition for @Bean method com.yummynoodlebar.config.PersistenceConfig.menuPersistenceService()
2014-09-17 14:07:28 DEBUG ConfigurationClassBeanDefinitionReader:262 - Registering bean definition for @Bean method com.yummynoodlebar.config.PersistenceConfig.orderRepository()
2014-09-17 14:07:28 DEBUG ConfigurationClassBeanDefinitionReader:262 - Registering bean definition for @Bean method com.yummynoodlebar.config.PersistenceConfig.orderStatusRepository()
2014-09-17 14:07:28 DEBUG ConfigurationClassBeanDefinitionReader:262 - Registering bean definition for @Bean method com.yummynoodlebar.config.PersistenceConfig.ordersPersistenceService()
2014-09-17 14:07:28 DEBUG ConfigurationClassBeanDefinitionReader:262 - Registering bean definition for @Bean method com.yummynoodlebar.config.PersistenceConfig.menuItemRepository()
2014-09-17 14:07:28 DEBUG ConfigurationClassBeanDefinitionReader:262 - Registering bean definition for @Bean method com.yummynoodlebar.config.CoreConfig.menuService()
2014-09-17 14:07:28 DEBUG ConfigurationClassBeanDefinitionReader:262 - Registering bean definition for @Bean method com.yummynoodlebar.config.CoreConfig.orderService()
2014-09-17 14:07:28 DEBUG ConfigurationClassEnhancer:94 - Successfully enhanced com.yummynoodlebar.config.PersistenceConfig; enhanced class name is: com.yummynoodlebar.config.PersistenceConfig$$EnhancerByCGLIB$$1e0a29a7
2014-09-17 14:07:28 DEBUG ConfigurationClassPostProcessor:359 - Replacing bean definition 'persistenceConfig' existing class name 'com.yummynoodlebar.config.PersistenceConfig' with enhanced class name 'com.yummynoodlebar.config.PersistenceConfig$$EnhancerByCGLIB$$1e0a29a7'
2014-09-17 14:07:28 DEBUG ConfigurationClassEnhancer:94 - Successfully enhanced com.yummynoodlebar.config.CoreConfig; enhanced class name is: com.yummynoodlebar.config.CoreConfig$$EnhancerByCGLIB$$32b664b
2014-09-17 14:07:28 DEBUG ConfigurationClassPostProcessor:359 - Replacing bean definition 'coreConfig' existing class name 'com.yummynoodlebar.config.CoreConfig' with enhanced class name 'com.yummynoodlebar.config.CoreConfig$$EnhancerByCGLIB$$32b664b'
2014-09-17 14:07:28 DEBUG DefaultListableBeanFactory:215 - Creating shared instance of singleton bean 'org.springframework.context.annotation.internalAutowiredAnnotationProcessor'
2014-09-17 14:07:28 DEBUG DefaultListableBeanFactory:432 - Creating instance of bean 'org.springframework.context.annotation.internalAutowiredAnnotationProcessor'
2014-09-17 14:07:28 DEBUG DefaultListableBeanFactory:506 - Eagerly caching bean 'org.springframework.context.annotation.internalAutowiredAnnotationProcessor' to allow for resolving potential circular references
2014-09-17 14:07:28 DEBUG DefaultListableBeanFactory:460 - Finished creating instance of bean 'org.springframework.context.annotation.internalAutowiredAnnotationProcessor'
2014-09-17 14:07:28 DEBUG DefaultListableBeanFactory:215 - Creating shared instance of singleton bean 'org.springframework.context.annotation.internalRequiredAnnotationProcessor'
2014-09-17 14:07:28 DEBUG DefaultListableBeanFactory:432 - Creating instance of bean 'org.springframework.context.annotation.internalRequiredAnnotationProcessor'
2014-09-17 14:07:28 DEBUG DefaultListableBeanFactory:506 - Eagerly caching bean 'org.springframework.context.annotation.internalRequiredAnnotationProcessor' to allow for resolving potential circular references
2014-09-17 14:07:28 DEBUG DefaultListableBeanFactory:460 - Finished creating instance of bean 'org.springframework.context.annotation.internalRequiredAnnotationProcessor'
2014-09-17 14:07:28 DEBUG DefaultListableBeanFactory:215 - Creating shared instance of singleton bean 'org.springframework.context.annotation.internalCommonAnnotationProcessor'
2014-09-17 14:07:28 DEBUG DefaultListableBeanFactory:432 - Creating instance of bean 'org.springframework.context.annotation.internalCommonAnnotationProcessor'
2014-09-17 14:07:28 DEBUG DefaultListableBeanFactory:506 - Eagerly caching bean 'org.springframework.context.annotation.internalCommonAnnotationProcessor' to allow for resolving potential circular references
2014-09-17 14:07:28 DEBUG DefaultListableBeanFactory:460 - Finished creating instance of bean 'org.springframework.context.annotation.internalCommonAnnotationProcessor'
2014-09-17 14:07:28 DEBUG DefaultListableBeanFactory:215 - Creating shared instance of singleton bean 'org.springframework.context.annotation.ConfigurationClassPostProcessor.importAwareProcessor'
2014-09-17 14:07:28 DEBUG DefaultListableBeanFactory:432 - Creating instance of bean 'org.springframework.context.annotation.ConfigurationClassPostProcessor.importAwareProcessor'
2014-09-17 14:07:28 DEBUG DefaultListableBeanFactory:506 - Eagerly caching bean 'org.springframework.context.annotation.ConfigurationClassPostProcessor.importAwareProcessor' to allow for resolving potential circular references
2014-09-17 14:07:28 DEBUG DefaultListableBeanFactory:460 - Finished creating instance of bean 'org.springframework.context.annotation.ConfigurationClassPostProcessor.importAwareProcessor'
2014-09-17 14:07:28 DEBUG GenericApplicationContext:807 - Unable to locate MessageSource with name 'messageSource': using default [org.springframework.context.support.DelegatingMessageSource@612b1ff9]
2014-09-17 14:07:28 DEBUG GenericApplicationContext:831 - Unable to locate ApplicationEventMulticaster with name 'applicationEventMulticaster': using default [org.springframework.context.event.SimpleApplicationEventMulticaster@6f94f5ef]
2014-09-17 14:07:28 INFO  DefaultListableBeanFactory:596 - Pre-instantiating singletons in org.springframework.beans.factory.support.DefaultListableBeanFactory@7c542b0c: defining beans [org.springframework.context.annotation.internalConfigurationAnnotationProcessor,org.springframework.context.annotation.internalAutowiredAnnotationProcessor,org.springframework.context.annotation.internalRequiredAnnotationProcessor,org.springframework.context.annotation.internalCommonAnnotationProcessor,persistenceConfig,coreConfig,org.springframework.context.annotation.ConfigurationClassPostProcessor.importAwareProcessor,menuPersistenceService,orderRepository,orderStatusRepository,ordersPersistenceService,menuItemRepository,menuService,orderService]; root of factory hierarchy
2014-09-17 14:07:28 DEBUG DefaultListableBeanFactory:246 - Returning cached instance of singleton bean 'org.springframework.context.annotation.internalConfigurationAnnotationProcessor'
2014-09-17 14:07:28 DEBUG DefaultListableBeanFactory:246 - Returning cached instance of singleton bean 'org.springframework.context.annotation.internalAutowiredAnnotationProcessor'
2014-09-17 14:07:28 DEBUG DefaultListableBeanFactory:246 - Returning cached instance of singleton bean 'org.springframework.context.annotation.internalRequiredAnnotationProcessor'
2014-09-17 14:07:28 DEBUG DefaultListableBeanFactory:246 - Returning cached instance of singleton bean 'org.springframework.context.annotation.internalCommonAnnotationProcessor'
2014-09-17 14:07:28 DEBUG DefaultListableBeanFactory:215 - Creating shared instance of singleton bean 'persistenceConfig'
2014-09-17 14:07:28 DEBUG DefaultListableBeanFactory:432 - Creating instance of bean 'persistenceConfig'
2014-09-17 14:07:28 DEBUG DefaultListableBeanFactory:506 - Eagerly caching bean 'persistenceConfig' to allow for resolving potential circular references
2014-09-17 14:07:28 DEBUG DefaultListableBeanFactory:460 - Finished creating instance of bean 'persistenceConfig'
2014-09-17 14:07:28 DEBUG DefaultListableBeanFactory:215 - Creating shared instance of singleton bean 'coreConfig'
2014-09-17 14:07:28 DEBUG DefaultListableBeanFactory:432 - Creating instance of bean 'coreConfig'
2014-09-17 14:07:28 DEBUG DefaultListableBeanFactory:506 - Eagerly caching bean 'coreConfig' to allow for resolving potential circular references
2014-09-17 14:07:28 DEBUG DefaultListableBeanFactory:460 - Finished creating instance of bean 'coreConfig'
2014-09-17 14:07:28 DEBUG DefaultListableBeanFactory:246 - Returning cached instance of singleton bean 'org.springframework.context.annotation.ConfigurationClassPostProcessor.importAwareProcessor'
2014-09-17 14:07:28 DEBUG DefaultListableBeanFactory:215 - Creating shared instance of singleton bean 'menuPersistenceService'
2014-09-17 14:07:28 DEBUG DefaultListableBeanFactory:432 - Creating instance of bean 'menuPersistenceService'
2014-09-17 14:07:28 DEBUG DefaultListableBeanFactory:246 - Returning cached instance of singleton bean 'persistenceConfig'
2014-09-17 14:07:28 DEBUG DefaultListableBeanFactory:215 - Creating shared instance of singleton bean 'menuItemRepository'
2014-09-17 14:07:28 DEBUG DefaultListableBeanFactory:432 - Creating instance of bean 'menuItemRepository'
2014-09-17 14:07:28 DEBUG DefaultListableBeanFactory:246 - Returning cached instance of singleton bean 'persistenceConfig'
2014-09-17 14:07:28 DEBUG DefaultListableBeanFactory:506 - Eagerly caching bean 'menuItemRepository' to allow for resolving potential circular references
2014-09-17 14:07:28 DEBUG DefaultListableBeanFactory:460 - Finished creating instance of bean 'menuItemRepository'
2014-09-17 14:07:28 DEBUG DefaultListableBeanFactory:739 - Autowiring by type from bean name 'menuPersistenceService' via factory method to bean named 'menuItemRepository'
2014-09-17 14:07:28 DEBUG DefaultListableBeanFactory:506 - Eagerly caching bean 'menuPersistenceService' to allow for resolving potential circular references
2014-09-17 14:07:28 DEBUG DefaultListableBeanFactory:460 - Finished creating instance of bean 'menuPersistenceService'
2014-09-17 14:07:28 DEBUG DefaultListableBeanFactory:215 - Creating shared instance of singleton bean 'orderRepository'
2014-09-17 14:07:28 DEBUG DefaultListableBeanFactory:432 - Creating instance of bean 'orderRepository'
2014-09-17 14:07:28 DEBUG DefaultListableBeanFactory:246 - Returning cached instance of singleton bean 'persistenceConfig'
2014-09-17 14:07:28 DEBUG DefaultListableBeanFactory:506 - Eagerly caching bean 'orderRepository' to allow for resolving potential circular references
2014-09-17 14:07:28 DEBUG DefaultListableBeanFactory:460 - Finished creating instance of bean 'orderRepository'
2014-09-17 14:07:28 DEBUG DefaultListableBeanFactory:215 - Creating shared instance of singleton bean 'orderStatusRepository'
2014-09-17 14:07:28 DEBUG DefaultListableBeanFactory:432 - Creating instance of bean 'orderStatusRepository'
2014-09-17 14:07:28 DEBUG DefaultListableBeanFactory:246 - Returning cached instance of singleton bean 'persistenceConfig'
2014-09-17 14:07:28 DEBUG DefaultListableBeanFactory:506 - Eagerly caching bean 'orderStatusRepository' to allow for resolving potential circular references
2014-09-17 14:07:28 DEBUG DefaultListableBeanFactory:460 - Finished creating instance of bean 'orderStatusRepository'
2014-09-17 14:07:28 DEBUG DefaultListableBeanFactory:215 - Creating shared instance of singleton bean 'ordersPersistenceService'
2014-09-17 14:07:28 DEBUG DefaultListableBeanFactory:432 - Creating instance of bean 'ordersPersistenceService'
2014-09-17 14:07:28 DEBUG DefaultListableBeanFactory:246 - Returning cached instance of singleton bean 'persistenceConfig'
2014-09-17 14:07:28 DEBUG DefaultListableBeanFactory:246 - Returning cached instance of singleton bean 'orderRepository'
2014-09-17 14:07:28 DEBUG DefaultListableBeanFactory:246 - Returning cached instance of singleton bean 'orderStatusRepository'
2014-09-17 14:07:28 DEBUG DefaultListableBeanFactory:506 - Eagerly caching bean 'ordersPersistenceService' to allow for resolving potential circular references
2014-09-17 14:07:28 DEBUG DefaultListableBeanFactory:460 - Finished creating instance of bean 'ordersPersistenceService'
2014-09-17 14:07:28 DEBUG DefaultListableBeanFactory:246 - Returning cached instance of singleton bean 'menuItemRepository'
2014-09-17 14:07:28 DEBUG DefaultListableBeanFactory:215 - Creating shared instance of singleton bean 'menuService'
2014-09-17 14:07:28 DEBUG DefaultListableBeanFactory:432 - Creating instance of bean 'menuService'
2014-09-17 14:07:28 DEBUG DefaultListableBeanFactory:246 - Returning cached instance of singleton bean 'coreConfig'
2014-09-17 14:07:28 DEBUG DefaultListableBeanFactory:246 - Returning cached instance of singleton bean 'menuPersistenceService'
2014-09-17 14:07:28 DEBUG DefaultListableBeanFactory:739 - Autowiring by type from bean name 'menuService' via factory method to bean named 'menuPersistenceService'
2014-09-17 14:07:28 DEBUG DefaultListableBeanFactory:506 - Eagerly caching bean 'menuService' to allow for resolving potential circular references
2014-09-17 14:07:28 DEBUG DefaultListableBeanFactory:460 - Finished creating instance of bean 'menuService'
2014-09-17 14:07:28 DEBUG DefaultListableBeanFactory:215 - Creating shared instance of singleton bean 'orderService'
2014-09-17 14:07:28 DEBUG DefaultListableBeanFactory:432 - Creating instance of bean 'orderService'
2014-09-17 14:07:28 DEBUG DefaultListableBeanFactory:246 - Returning cached instance of singleton bean 'coreConfig'
2014-09-17 14:07:28 DEBUG DefaultListableBeanFactory:246 - Returning cached instance of singleton bean 'ordersPersistenceService'
2014-09-17 14:07:28 DEBUG DefaultListableBeanFactory:739 - Autowiring by type from bean name 'orderService' via factory method to bean named 'ordersPersistenceService'
2014-09-17 14:07:28 DEBUG DefaultListableBeanFactory:506 - Eagerly caching bean 'orderService' to allow for resolving potential circular references
2014-09-17 14:07:28 DEBUG DefaultListableBeanFactory:460 - Finished creating instance of bean 'orderService'
2014-09-17 14:07:28 DEBUG GenericApplicationContext:858 - Unable to locate LifecycleProcessor with name 'lifecycleProcessor': using default [org.springframework.context.support.DefaultLifecycleProcessor@1e63d8ae]
2014-09-17 14:07:28 DEBUG DefaultListableBeanFactory:246 - Returning cached instance of singleton bean 'lifecycleProcessor'
2014-09-17 14:07:28 DEBUG PropertySourcesPropertyResolver:72 - Searching for key 'spring.liveBeansView.mbeanDomain' in [systemProperties]
2014-09-17 14:07:28 DEBUG PropertySourcesPropertyResolver:72 - Searching for key 'spring.liveBeansView.mbeanDomain' in [systemEnvironment]
2014-09-17 14:07:28 DEBUG PropertySourcesPropertyResolver:94 - Could not find key 'spring.liveBeansView.mbeanDomain' in any property source. Returning [null]
2014-09-17 14:07:28 DEBUG CacheAwareContextLoaderDelegate:93 - Storing ApplicationContext in cache under key [[MergedContextConfiguration@2668d102 testClass = CoreDomainIntegrationTest, locations = '{}', classes = '{class com.yummynoodlebar.config.PersistenceConfig, class com.yummynoodlebar.config.CoreConfig}', contextInitializerClasses = '[]', activeProfiles = '{}', contextLoader = 'org.springframework.test.context.support.DelegatingSmartContextLoader', parent = [null]]].
2014-09-17 14:07:28 DEBUG DependencyInjectionTestExecutionListener:73 - Performing dependency injection for test context [[TestContext@3b59e39b testClass = CoreDomainIntegrationTest, testInstance = com.yummynoodlebar.config.CoreDomainIntegrationTest@a6df38e, testMethod = [null], testException = [null], mergedContextConfiguration = [MergedContextConfiguration@2668d102 testClass = CoreDomainIntegrationTest, locations = '{}', classes = '{class com.yummynoodlebar.config.PersistenceConfig, class com.yummynoodlebar.config.CoreConfig}', contextInitializerClasses = '[]', activeProfiles = '{}', contextLoader = 'org.springframework.test.context.support.DelegatingSmartContextLoader', parent = [null]]]].
2014-09-17 14:07:28 DEBUG CacheAwareContextLoaderDelegate:104 - Retrieved ApplicationContext from cache with key [[MergedContextConfiguration@2668d102 testClass = CoreDomainIntegrationTest, locations = '{}', classes = '{class com.yummynoodlebar.config.PersistenceConfig, class com.yummynoodlebar.config.CoreConfig}', contextInitializerClasses = '[]', activeProfiles = '{}', contextLoader = 'org.springframework.test.context.support.DelegatingSmartContextLoader', parent = [null]]].
2014-09-17 14:07:28 DEBUG InjectionMetadata:85 - Processing injected method of bean 'com.yummynoodlebar.config.CoreDomainIntegrationTest': AutowiredFieldElement for com.yummynoodlebar.core.services.MenuService com.yummynoodlebar.config.CoreDomainIntegrationTest.menuService
2014-09-17 14:07:28 DEBUG DefaultListableBeanFactory:246 - Returning cached instance of singleton bean 'menuService'
2014-09-17 14:07:28 DEBUG AutowiredAnnotationBeanPostProcessor:433 - Autowiring by type from bean name 'com.yummynoodlebar.config.CoreDomainIntegrationTest' to bean named 'menuService'
2014-09-17 14:07:28 DEBUG CacheAwareContextLoaderDelegate:104 - Retrieved ApplicationContext from cache with key [[MergedContextConfiguration@2668d102 testClass = CoreDomainIntegrationTest, locations = '{}', classes = '{class com.yummynoodlebar.config.PersistenceConfig, class com.yummynoodlebar.config.CoreConfig}', contextInitializerClasses = '[]', activeProfiles = '{}', contextLoader = 'org.springframework.test.context.support.DelegatingSmartContextLoader', parent = [null]]].
2014-09-17 14:07:28 DEBUG DirtiesContextTestExecutionListener:107 - After test method: context [[TestContext@3b59e39b testClass = CoreDomainIntegrationTest, testInstance = com.yummynoodlebar.config.CoreDomainIntegrationTest@a6df38e, testMethod = thatAllMenuItemsReturned@CoreDomainIntegrationTest, testException = [null], mergedContextConfiguration = [MergedContextConfiguration@2668d102 testClass = CoreDomainIntegrationTest, locations = '{}', classes = '{class com.yummynoodlebar.config.PersistenceConfig, class com.yummynoodlebar.config.CoreConfig}', contextInitializerClasses = '[]', activeProfiles = '{}', contextLoader = 'org.springframework.test.context.support.DelegatingSmartContextLoader', parent = [null]]]], class dirties context [false], class mode [null], method dirties context [false].
2014-09-17 14:07:28 DEBUG ServletTestExecutionListener:98 - Resetting RequestContextHolder for test context [TestContext@3b59e39b testClass = CoreDomainIntegrationTest, testInstance = com.yummynoodlebar.config.CoreDomainIntegrationTest@a6df38e, testMethod = thatAllMenuItemsReturned@CoreDomainIntegrationTest, testException = [null], mergedContextConfiguration = [MergedContextConfiguration@2668d102 testClass = CoreDomainIntegrationTest, locations = '{}', classes = '{class com.yummynoodlebar.config.PersistenceConfig, class com.yummynoodlebar.config.CoreConfig}', contextInitializerClasses = '[]', activeProfiles = '{}', contextLoader = 'org.springframework.test.context.support.DelegatingSmartContextLoader', parent = [null]]].
2014-09-17 14:07:28 DEBUG DirtiesContextTestExecutionListener:138 - After test class: context [[TestContext@3b59e39b testClass = CoreDomainIntegrationTest, testInstance = [null], testMethod = [null], testException = [null], mergedContextConfiguration = [MergedContextConfiguration@2668d102 testClass = CoreDomainIntegrationTest, locations = '{}', classes = '{class com.yummynoodlebar.config.PersistenceConfig, class com.yummynoodlebar.config.CoreConfig}', contextInitializerClasses = '[]', activeProfiles = '{}', contextLoader = 'org.springframework.test.context.support.DelegatingSmartContextLoader', parent = [null]]]], dirtiesContext [false].
]]></system-out>
  <system-err><![CDATA[]]></system-err>
</testsuite>
