<?xml version="1.1" encoding="UTF-8"?>
<testsuite name="com.yummynoodlebar.web.controller.SiteIntegrationTest" tests="2" failures="0" errors="0" timestamp="1970-01-01T00:00:00" hostname="Angies-MacBook-Pro.local" time="1.410977253012E9">
  <properties/>
  <testcase name="rootUrlforwardsCorrectly" classname="com.yummynoodlebar.web.controller.SiteIntegrationTest" time="0.047"/>
  <testcase name="rootUrlPopulatesViewModel" classname="com.yummynoodlebar.web.controller.SiteIntegrationTest" time="0.046"/>
  <system-out><![CDATA[2014-09-17 14:07:32 DEBUG StandardEnvironment:112 - Initializing new StandardEnvironment
2014-09-17 14:07:32 DEBUG StandardEnvironment:107 - Adding [systemProperties] PropertySource with lowest search precedence
2014-09-17 14:07:32 DEBUG StandardEnvironment:107 - Adding [systemEnvironment] PropertySource with lowest search precedence
2014-09-17 14:07:32 DEBUG StandardEnvironment:116 - Initialized StandardEnvironment with PropertySources [systemProperties,systemEnvironment]
2014-09-17 14:07:32 INFO  StandaloneMockMvcBuilder$StaticRequestMappingHandlerMapping:179 - Mapped "{[/],methods=[GET],params=[],headers=[],consumes=[],produces=[],custom=[]}" onto public java.lang.String com.yummynoodlebar.web.controller.SiteController.getCurrentMenu(org.springframework.ui.Model)
2014-09-17 14:07:32 DEBUG DefaultTraversableResolver:74 - Cannot find javax.persistence.Persistence on classpath. Assuming non JPA 2 environment. All properties will per default be traversable.
2014-09-17 14:07:32 DEBUG ConfigurationImpl:120 - Setting custom MessageInterpolator of type org.springframework.validation.beanvalidation.LocaleContextMessageInterpolator
2014-09-17 14:07:32 DEBUG ValidationXmlParser:88 - Trying to load META-INF/validation.xml for XML based Validator configuration.
2014-09-17 14:07:32 DEBUG ValidationXmlParser:95 - No META-INF/validation.xml found. Using annotation based configuration only.
2014-09-17 14:07:32 DEBUG RequestMappingHandlerAdapter:618 - Looking for controller advice: org.springframework.test.web.servlet.setup.StubWebApplicationContext@8227bf0
2014-09-17 14:07:32 DEBUG TestDispatcherServlet:118 - Initializing servlet ''
2014-09-17 14:07:32 DEBUG StandardServletEnvironment:112 - Initializing new StandardServletEnvironment
2014-09-17 14:07:32 DEBUG StandardServletEnvironment:107 - Adding [servletConfigInitParams] PropertySource with lowest search precedence
2014-09-17 14:07:32 DEBUG StandardServletEnvironment:107 - Adding [servletContextInitParams] PropertySource with lowest search precedence
2014-09-17 14:07:32 DEBUG StandardServletEnvironment:107 - Adding [jndiProperties] PropertySource with lowest search precedence
2014-09-17 14:07:32 DEBUG StandardServletEnvironment:107 - Adding [systemProperties] PropertySource with lowest search precedence
2014-09-17 14:07:32 DEBUG StandardServletEnvironment:107 - Adding [systemEnvironment] PropertySource with lowest search precedence
2014-09-17 14:07:32 DEBUG StandardServletEnvironment:116 - Initialized StandardServletEnvironment with PropertySources [servletConfigInitParams,servletContextInitParams,jndiProperties,systemProperties,systemEnvironment]
2014-09-17 14:07:32 INFO  MockServletContext:390 - Initializing Spring FrameworkServlet ''
2014-09-17 14:07:32 INFO  TestDispatcherServlet:454 - FrameworkServlet '': initialization started
2014-09-17 14:07:32 DEBUG TestDispatcherServlet:467 - Unable to locate MultipartResolver with name 'multipartResolver': no multipart request handling provided
2014-09-17 14:07:32 DEBUG TestDispatcherServlet:482 - Using LocaleResolver [org.springframework.web.servlet.i18n.AcceptHeaderLocaleResolver@53a21d0b]
2014-09-17 14:07:32 DEBUG TestDispatcherServlet:504 - Using ThemeResolver [org.springframework.web.servlet.theme.FixedThemeResolver@7f180826]
2014-09-17 14:07:32 DEBUG TestDispatcherServlet:642 - Using RequestToViewNameTranslator [org.springframework.web.servlet.view.DefaultRequestToViewNameTranslator@23849937]
2014-09-17 14:07:32 DEBUG TestDispatcherServlet:704 - Using FlashMapManager [org.springframework.web.servlet.support.SessionFlashMapManager@5666fc18]
2014-09-17 14:07:32 DEBUG TestDispatcherServlet:533 - Published WebApplicationContext of servlet '' as ServletContext attribute with name [org.springframework.web.servlet.FrameworkServlet.CONTEXT.]
2014-09-17 14:07:32 INFO  TestDispatcherServlet:473 - FrameworkServlet '': initialization completed in 2 ms
2014-09-17 14:07:32 DEBUG TestDispatcherServlet:139 - Servlet '' configured successfully
2014-09-17 14:07:32 DEBUG TestDispatcherServlet:823 - DispatcherServlet with name '' processing GET request for [/]
2014-09-17 14:07:32 DEBUG StandaloneMockMvcBuilder$StaticRequestMappingHandlerMapping:220 - Looking up handler method for path /
2014-09-17 14:07:32 DEBUG StandaloneMockMvcBuilder$StaticRequestMappingHandlerMapping:227 - Returning handler method [public java.lang.String com.yummynoodlebar.web.controller.SiteController.getCurrentMenu(org.springframework.ui.Model)]
2014-09-17 14:07:32 DEBUG TestDispatcherServlet:912 - Last-Modified value for [/] is: -1
2014-09-17 14:07:32 DEBUG SiteController:37 - Yummy MenuItemDetails to home view
2014-09-17 14:07:32 DEBUG TestDispatcherServlet:1206 - Rendering view [org.springframework.web.servlet.view.InternalResourceView: unnamed; URL [/WEB-INF/views/home.html]] in DispatcherServlet with name ''
2014-09-17 14:07:32 DEBUG InternalResourceView:373 - Added model object 'basket' of type [com.yummynoodlebar.web.domain.Basket$$EnhancerByMockitoWithCGLIB$$28ed3e1e] to request in view with name 'null'
2014-09-17 14:07:32 DEBUG InternalResourceView:373 - Added model object 'menuItems' of type [java.util.ArrayList] to request in view with name 'null'
2014-09-17 14:07:32 DEBUG InternalResourceView:373 - Added model object 'org.springframework.validation.BindingResult.basket' of type [org.springframework.validation.BeanPropertyBindingResult] to request in view with name 'null'
2014-09-17 14:07:32 DEBUG InternalResourceView:236 - Forwarding to resource [/WEB-INF/views/home.html] in InternalResourceView 'null'
2014-09-17 14:07:32 DEBUG MockRequestDispatcher:66 - MockRequestDispatcher: forwarding to [/WEB-INF/views/home.html]
2014-09-17 14:07:32 DEBUG TestDispatcherServlet:966 - Successfully completed request

MockHttpServletRequest:
         HTTP Method = GET
         Request URI = /
          Parameters = {}
             Headers = {}

             Handler:
                Type = com.yummynoodlebar.web.controller.SiteController
              Method = public java.lang.String com.yummynoodlebar.web.controller.SiteController.getCurrentMenu(org.springframework.ui.Model)

               Async:
   Was async started = false
        Async result = null

  Resolved Exception:
                Type = null

        ModelAndView:
           View name = /home
                View = null
           Attribute = basket
               value = basket
              errors = []
           Attribute = menuItems
               value = [com.yummynoodlebar.web.domain.MenuItem@269c149e, com.yummynoodlebar.web.domain.MenuItem@510da4df, com.yummynoodlebar.web.domain.MenuItem@56c3560b]

            FlashMap:

MockHttpServletResponse:
              Status = 200
       Error message = null
             Headers = {}
        Content type = null
                Body = 
       Forwarded URL = /WEB-INF/views/home.html
      Redirected URL = null
             Cookies = []
2014-09-17 14:07:32 DEBUG StandardEnvironment:112 - Initializing new StandardEnvironment
2014-09-17 14:07:32 DEBUG StandardEnvironment:107 - Adding [systemProperties] PropertySource with lowest search precedence
2014-09-17 14:07:32 DEBUG StandardEnvironment:107 - Adding [systemEnvironment] PropertySource with lowest search precedence
2014-09-17 14:07:32 DEBUG StandardEnvironment:116 - Initialized StandardEnvironment with PropertySources [systemProperties,systemEnvironment]
2014-09-17 14:07:32 INFO  StandaloneMockMvcBuilder$StaticRequestMappingHandlerMapping:179 - Mapped "{[/],methods=[GET],params=[],headers=[],consumes=[],produces=[],custom=[]}" onto public java.lang.String com.yummynoodlebar.web.controller.SiteController.getCurrentMenu(org.springframework.ui.Model)
2014-09-17 14:07:32 DEBUG DefaultTraversableResolver:74 - Cannot find javax.persistence.Persistence on classpath. Assuming non JPA 2 environment. All properties will per default be traversable.
2014-09-17 14:07:32 DEBUG ConfigurationImpl:120 - Setting custom MessageInterpolator of type org.springframework.validation.beanvalidation.LocaleContextMessageInterpolator
2014-09-17 14:07:32 DEBUG ValidationXmlParser:88 - Trying to load META-INF/validation.xml for XML based Validator configuration.
2014-09-17 14:07:32 DEBUG ValidationXmlParser:95 - No META-INF/validation.xml found. Using annotation based configuration only.
2014-09-17 14:07:32 DEBUG RequestMappingHandlerAdapter:618 - Looking for controller advice: org.springframework.test.web.servlet.setup.StubWebApplicationContext@52bf7b40
2014-09-17 14:07:32 DEBUG TestDispatcherServlet:118 - Initializing servlet ''
2014-09-17 14:07:32 DEBUG StandardServletEnvironment:112 - Initializing new StandardServletEnvironment
2014-09-17 14:07:32 DEBUG StandardServletEnvironment:107 - Adding [servletConfigInitParams] PropertySource with lowest search precedence
2014-09-17 14:07:32 DEBUG StandardServletEnvironment:107 - Adding [servletContextInitParams] PropertySource with lowest search precedence
2014-09-17 14:07:32 DEBUG StandardServletEnvironment:107 - Adding [jndiProperties] PropertySource with lowest search precedence
2014-09-17 14:07:32 DEBUG StandardServletEnvironment:107 - Adding [systemProperties] PropertySource with lowest search precedence
2014-09-17 14:07:32 DEBUG StandardServletEnvironment:107 - Adding [systemEnvironment] PropertySource with lowest search precedence
2014-09-17 14:07:32 DEBUG StandardServletEnvironment:116 - Initialized StandardServletEnvironment with PropertySources [servletConfigInitParams,servletContextInitParams,jndiProperties,systemProperties,systemEnvironment]
2014-09-17 14:07:32 INFO  MockServletContext:390 - Initializing Spring FrameworkServlet ''
2014-09-17 14:07:32 INFO  TestDispatcherServlet:454 - FrameworkServlet '': initialization started
2014-09-17 14:07:32 DEBUG TestDispatcherServlet:467 - Unable to locate MultipartResolver with name 'multipartResolver': no multipart request handling provided
2014-09-17 14:07:32 DEBUG TestDispatcherServlet:482 - Using LocaleResolver [org.springframework.web.servlet.i18n.AcceptHeaderLocaleResolver@2fc1fd9c]
2014-09-17 14:07:32 DEBUG TestDispatcherServlet:504 - Using ThemeResolver [org.springframework.web.servlet.theme.FixedThemeResolver@2aea5f5d]
2014-09-17 14:07:32 DEBUG TestDispatcherServlet:642 - Using RequestToViewNameTranslator [org.springframework.web.servlet.view.DefaultRequestToViewNameTranslator@437be5fc]
2014-09-17 14:07:32 DEBUG TestDispatcherServlet:704 - Using FlashMapManager [org.springframework.web.servlet.support.SessionFlashMapManager@cad055d]
2014-09-17 14:07:32 DEBUG TestDispatcherServlet:533 - Published WebApplicationContext of servlet '' as ServletContext attribute with name [org.springframework.web.servlet.FrameworkServlet.CONTEXT.]
2014-09-17 14:07:32 INFO  TestDispatcherServlet:473 - FrameworkServlet '': initialization completed in 2 ms
2014-09-17 14:07:32 DEBUG TestDispatcherServlet:139 - Servlet '' configured successfully
2014-09-17 14:07:33 DEBUG TestDispatcherServlet:823 - DispatcherServlet with name '' processing GET request for [/]
2014-09-17 14:07:33 DEBUG StandaloneMockMvcBuilder$StaticRequestMappingHandlerMapping:220 - Looking up handler method for path /
2014-09-17 14:07:33 DEBUG StandaloneMockMvcBuilder$StaticRequestMappingHandlerMapping:227 - Returning handler method [public java.lang.String com.yummynoodlebar.web.controller.SiteController.getCurrentMenu(org.springframework.ui.Model)]
2014-09-17 14:07:33 DEBUG TestDispatcherServlet:912 - Last-Modified value for [/] is: -1
2014-09-17 14:07:33 DEBUG SiteController:37 - Yummy MenuItemDetails to home view
2014-09-17 14:07:33 DEBUG TestDispatcherServlet:1206 - Rendering view [org.springframework.web.servlet.view.InternalResourceView: unnamed; URL [/WEB-INF/views/home.html]] in DispatcherServlet with name ''
2014-09-17 14:07:33 DEBUG InternalResourceView:373 - Added model object 'basket' of type [com.yummynoodlebar.web.domain.Basket$$EnhancerByMockitoWithCGLIB$$28ed3e1e] to request in view with name 'null'
2014-09-17 14:07:33 DEBUG InternalResourceView:373 - Added model object 'menuItems' of type [java.util.ArrayList] to request in view with name 'null'
2014-09-17 14:07:33 DEBUG InternalResourceView:373 - Added model object 'org.springframework.validation.BindingResult.basket' of type [org.springframework.validation.BeanPropertyBindingResult] to request in view with name 'null'
2014-09-17 14:07:33 DEBUG InternalResourceView:236 - Forwarding to resource [/WEB-INF/views/home.html] in InternalResourceView 'null'
2014-09-17 14:07:33 DEBUG MockRequestDispatcher:66 - MockRequestDispatcher: forwarding to [/WEB-INF/views/home.html]
2014-09-17 14:07:33 DEBUG TestDispatcherServlet:966 - Successfully completed request

MockHttpServletRequest:
         HTTP Method = GET
         Request URI = /
          Parameters = {}
             Headers = {}

             Handler:
                Type = com.yummynoodlebar.web.controller.SiteController
              Method = public java.lang.String com.yummynoodlebar.web.controller.SiteController.getCurrentMenu(org.springframework.ui.Model)

               Async:
   Was async started = false
        Async result = null

  Resolved Exception:
                Type = null

        ModelAndView:
           View name = /home
                View = null
           Attribute = basket
               value = basket
              errors = []
           Attribute = menuItems
               value = [com.yummynoodlebar.web.domain.MenuItem@67afe177, com.yummynoodlebar.web.domain.MenuItem@4bfb80cf, com.yummynoodlebar.web.domain.MenuItem@6cc5bd01]

            FlashMap:

MockHttpServletResponse:
              Status = 200
       Error message = null
             Headers = {}
        Content type = null
                Body = 
       Forwarded URL = /WEB-INF/views/home.html
      Redirected URL = null
             Cookies = []
]]></system-out>
  <system-err><![CDATA[]]></system-err>
</testsuite>
