<?xml version="1.0" encoding="UTF-8"?>
<testsuite name="com.yummynoodlebar.config.CoreDomainIntegrationTest" tests="2" skipped="0" failures="0" errors="0" timestamp="2014-09-12T16:45:01" hostname="Angies-MacBook-Pro.local" time="1.013">
  <properties/>
  <testcase name="addANewOrderToTheSystem" classname="com.yummynoodlebar.config.CoreDomainIntegrationTest" time="1.005"/>
  <testcase name="thatAllMenuItemsReturned" classname="com.yummynoodlebar.config.CoreDomainIntegrationTest" time="0.0060"/>
  <system-out><![CDATA[2014-09-12 12:45:01 DEBUG SpringJUnit4ClassRunner:106 - SpringJUnit4ClassRunner constructor called with [class com.yummynoodlebar.config.CoreDomainIntegrationTest].
2014-09-12 12:45:01 DEBUG AbstractDelegatingSmartContextLoader:89 - Delegating to AnnotationConfigContextLoader to process context configuration [ContextConfigurationAttributes@1f57ea4a declaringClass = 'com.yummynoodlebar.config.CoreDomainIntegrationTest', locations = '{}', classes = '{class com.yummynoodlebar.config.PersistenceConfig, class com.yummynoodlebar.config.CoreConfig}', inheritLocations = true, initializers = '{}', inheritInitializers = true, name = [null], contextLoaderClass = 'org.springframework.test.context.ContextLoader'].
2014-09-12 12:45:01 DEBUG ContextLoaderUtils:471 - Could not find an 'annotation declaring class' for annotation type [org.springframework.test.context.ActiveProfiles] and class [com.yummynoodlebar.config.CoreDomainIntegrationTest]
2014-09-12 12:45:01 DEBUG TestContextManager:184 - @TestExecutionListeners is not present for class [class com.yummynoodlebar.config.CoreDomainIntegrationTest]: using defaults.
2014-09-12 12:45:01 DEBUG TestContextManager:226 - Could not instantiate default TestExecutionListener class [org.springframework.test.context.transaction.TransactionalTestExecutionListener]. Specify custom listener classes or make the default listener classes available.
2014-09-12 12:45:01 DEBUG ProfileValueUtils:68 - Retrieved @ProfileValueSourceConfiguration [null] for test class [com.yummynoodlebar.config.CoreDomainIntegrationTest]
2014-09-12 12:45:01 DEBUG ProfileValueUtils:80 - Retrieved ProfileValueSource type [class org.springframework.test.annotation.SystemProfileValueSource] for class [com.yummynoodlebar.config.CoreDomainIntegrationTest]
2014-09-12 12:45:01 DEBUG ProfileValueUtils:68 - Retrieved @ProfileValueSourceConfiguration [null] for test class [com.yummynoodlebar.config.CoreDomainIntegrationTest]
2014-09-12 12:45:01 DEBUG ProfileValueUtils:80 - Retrieved ProfileValueSource type [class org.springframework.test.annotation.SystemProfileValueSource] for class [com.yummynoodlebar.config.CoreDomainIntegrationTest]
2014-09-12 12:45:01 DEBUG ProfileValueUtils:68 - Retrieved @ProfileValueSourceConfiguration [null] for test class [com.yummynoodlebar.config.CoreDomainIntegrationTest]
2014-09-12 12:45:01 DEBUG ProfileValueUtils:80 - Retrieved ProfileValueSource type [class org.springframework.test.annotation.SystemProfileValueSource] for class [com.yummynoodlebar.config.CoreDomainIntegrationTest]
2014-09-12 12:45:01 DEBUG ProfileValueUtils:68 - Retrieved @ProfileValueSourceConfiguration [null] for test class [com.yummynoodlebar.config.CoreDomainIntegrationTest]
2014-09-12 12:45:01 DEBUG ProfileValueUtils:80 - Retrieved ProfileValueSource type [class org.springframework.test.annotation.SystemProfileValueSource] for class [com.yummynoodlebar.config.CoreDomainIntegrationTest]
2014-09-12 12:45:01 DEBUG AbstractDelegatingSmartContextLoader:98 - Delegating to AnnotationConfigContextLoader to load context from [MergedContextConfiguration@215983b7 testClass = CoreDomainIntegrationTest, locations = '{}', classes = '{class com.yummynoodlebar.config.PersistenceConfig, class com.yummynoodlebar.config.CoreConfig}', contextInitializerClasses = '[]', activeProfiles = '{}', contextLoader = 'org.springframework.test.context.support.DelegatingSmartContextLoader', parent = [null]].
2014-09-12 12:45:01 DEBUG AbstractGenericContextLoader:104 - Loading ApplicationContext for merged context configuration [[MergedContextConfiguration@215983b7 testClass = CoreDomainIntegrationTest, locations = '{}', classes = '{class com.yummynoodlebar.config.PersistenceConfig, class com.yummynoodlebar.config.CoreConfig}', contextInitializerClasses = '[]', activeProfiles = '{}', contextLoader = 'org.springframework.test.context.support.DelegatingSmartContextLoader', parent = [null]]].
2014-09-12 12:45:01 DEBUG StandardEnvironment:112 - Initializing new StandardEnvironment
2014-09-12 12:45:01 DEBUG StandardEnvironment:107 - Adding [systemProperties] PropertySource with lowest search precedence
2014-09-12 12:45:01 DEBUG StandardEnvironment:107 - Adding [systemEnvironment] PropertySource with lowest search precedence
2014-09-12 12:45:01 DEBUG StandardEnvironment:116 - Initialized StandardEnvironment with PropertySources [systemProperties,systemEnvironment]
2014-09-12 12:45:01 DEBUG AnnotationConfigContextLoader:171 - Registering annotated classes: {class com.yummynoodlebar.config.PersistenceConfig, class com.yummynoodlebar.config.CoreConfig}
2014-09-12 12:45:01 INFO  GenericApplicationContext:510 - Refreshing org.springframework.context.support.GenericApplicationContext@1395dd5b: startup date [Fri Sep 12 12:45:01 EDT 2014]; root of context hierarchy
2014-09-12 12:45:01 DEBUG GenericApplicationContext:540 - Bean factory for org.springframework.context.support.GenericApplicationContext@1395dd5b: org.springframework.beans.factory.support.DefaultListableBeanFactory@44739f3f: defining beans [org.springframework.context.annotation.internalConfigurationAnnotationProcessor,org.springframework.context.annotation.internalAutowiredAnnotationProcessor,org.springframework.context.annotation.internalRequiredAnnotationProcessor,org.springframework.context.annotation.internalCommonAnnotationProcessor,persistenceConfig,coreConfig]; root of factory hierarchy
2014-09-12 12:45:01 DEBUG DefaultListableBeanFactory:215 - Creating shared instance of singleton bean 'org.springframework.context.annotation.internalConfigurationAnnotationProcessor'
2014-09-12 12:45:01 DEBUG DefaultListableBeanFactory:432 - Creating instance of bean 'org.springframework.context.annotation.internalConfigurationAnnotationProcessor'
2014-09-12 12:45:01 DEBUG DefaultListableBeanFactory:506 - Eagerly caching bean 'org.springframework.context.annotation.internalConfigurationAnnotationProcessor' to allow for resolving potential circular references
2014-09-12 12:45:01 DEBUG DefaultListableBeanFactory:460 - Finished creating instance of bean 'org.springframework.context.annotation.internalConfigurationAnnotationProcessor'
2014-09-12 12:45:01 DEBUG ConfigurationClassBeanDefinitionReader:262 - Registering bean definition for @Bean method com.yummynoodlebar.config.PersistenceConfig.ordersRepo()
2014-09-12 12:45:01 DEBUG ConfigurationClassBeanDefinitionReader:262 - Registering bean definition for @Bean method com.yummynoodlebar.config.PersistenceConfig.orderStatusRepo()
2014-09-12 12:45:01 DEBUG ConfigurationClassBeanDefinitionReader:262 - Registering bean definition for @Bean method com.yummynoodlebar.config.PersistenceConfig.orderPersistenceService()
2014-09-12 12:45:01 DEBUG ConfigurationClassBeanDefinitionReader:262 - Registering bean definition for @Bean method com.yummynoodlebar.config.PersistenceConfig.menuItemRepository()
2014-09-12 12:45:01 DEBUG ConfigurationClassBeanDefinitionReader:262 - Registering bean definition for @Bean method com.yummynoodlebar.config.PersistenceConfig.menuPersistenceService()
2014-09-12 12:45:01 DEBUG ConfigurationClassBeanDefinitionReader:262 - Registering bean definition for @Bean method com.yummynoodlebar.config.CoreConfig.menuService()
2014-09-12 12:45:01 DEBUG ConfigurationClassBeanDefinitionReader:262 - Registering bean definition for @Bean method com.yummynoodlebar.config.CoreConfig.orderService()
2014-09-12 12:45:02 DEBUG ConfigurationClassEnhancer:94 - Successfully enhanced com.yummynoodlebar.config.PersistenceConfig; enhanced class name is: com.yummynoodlebar.config.PersistenceConfig$$EnhancerByCGLIB$$6c88981b
2014-09-12 12:45:02 DEBUG ConfigurationClassPostProcessor:359 - Replacing bean definition 'persistenceConfig' existing class name 'com.yummynoodlebar.config.PersistenceConfig' with enhanced class name 'com.yummynoodlebar.config.PersistenceConfig$$EnhancerByCGLIB$$6c88981b'
2014-09-12 12:45:02 DEBUG ConfigurationClassEnhancer:94 - Successfully enhanced com.yummynoodlebar.config.CoreConfig; enhanced class name is: com.yummynoodlebar.config.CoreConfig$$EnhancerByCGLIB$$51a9d4bf
2014-09-12 12:45:02 DEBUG ConfigurationClassPostProcessor:359 - Replacing bean definition 'coreConfig' existing class name 'com.yummynoodlebar.config.CoreConfig' with enhanced class name 'com.yummynoodlebar.config.CoreConfig$$EnhancerByCGLIB$$51a9d4bf'
2014-09-12 12:45:02 DEBUG DefaultListableBeanFactory:215 - Creating shared instance of singleton bean 'org.springframework.context.annotation.internalAutowiredAnnotationProcessor'
2014-09-12 12:45:02 DEBUG DefaultListableBeanFactory:432 - Creating instance of bean 'org.springframework.context.annotation.internalAutowiredAnnotationProcessor'
2014-09-12 12:45:02 DEBUG DefaultListableBeanFactory:506 - Eagerly caching bean 'org.springframework.context.annotation.internalAutowiredAnnotationProcessor' to allow for resolving potential circular references
2014-09-12 12:45:02 DEBUG DefaultListableBeanFactory:460 - Finished creating instance of bean 'org.springframework.context.annotation.internalAutowiredAnnotationProcessor'
2014-09-12 12:45:02 DEBUG DefaultListableBeanFactory:215 - Creating shared instance of singleton bean 'org.springframework.context.annotation.internalRequiredAnnotationProcessor'
2014-09-12 12:45:02 DEBUG DefaultListableBeanFactory:432 - Creating instance of bean 'org.springframework.context.annotation.internalRequiredAnnotationProcessor'
2014-09-12 12:45:02 DEBUG DefaultListableBeanFactory:506 - Eagerly caching bean 'org.springframework.context.annotation.internalRequiredAnnotationProcessor' to allow for resolving potential circular references
2014-09-12 12:45:02 DEBUG DefaultListableBeanFactory:460 - Finished creating instance of bean 'org.springframework.context.annotation.internalRequiredAnnotationProcessor'
2014-09-12 12:45:02 DEBUG DefaultListableBeanFactory:215 - Creating shared instance of singleton bean 'org.springframework.context.annotation.internalCommonAnnotationProcessor'
2014-09-12 12:45:02 DEBUG DefaultListableBeanFactory:432 - Creating instance of bean 'org.springframework.context.annotation.internalCommonAnnotationProcessor'
2014-09-12 12:45:02 DEBUG DefaultListableBeanFactory:506 - Eagerly caching bean 'org.springframework.context.annotation.internalCommonAnnotationProcessor' to allow for resolving potential circular references
2014-09-12 12:45:02 DEBUG DefaultListableBeanFactory:460 - Finished creating instance of bean 'org.springframework.context.annotation.internalCommonAnnotationProcessor'
2014-09-12 12:45:02 DEBUG DefaultListableBeanFactory:215 - Creating shared instance of singleton bean 'org.springframework.context.annotation.ConfigurationClassPostProcessor.importAwareProcessor'
2014-09-12 12:45:02 DEBUG DefaultListableBeanFactory:432 - Creating instance of bean 'org.springframework.context.annotation.ConfigurationClassPostProcessor.importAwareProcessor'
2014-09-12 12:45:02 DEBUG DefaultListableBeanFactory:506 - Eagerly caching bean 'org.springframework.context.annotation.ConfigurationClassPostProcessor.importAwareProcessor' to allow for resolving potential circular references
2014-09-12 12:45:02 DEBUG DefaultListableBeanFactory:460 - Finished creating instance of bean 'org.springframework.context.annotation.ConfigurationClassPostProcessor.importAwareProcessor'
2014-09-12 12:45:02 DEBUG GenericApplicationContext:807 - Unable to locate MessageSource with name 'messageSource': using default [org.springframework.context.support.DelegatingMessageSource@77762fc7]
2014-09-12 12:45:02 DEBUG GenericApplicationContext:831 - Unable to locate ApplicationEventMulticaster with name 'applicationEventMulticaster': using default [org.springframework.context.event.SimpleApplicationEventMulticaster@75d709a5]
2014-09-12 12:45:02 INFO  DefaultListableBeanFactory:596 - Pre-instantiating singletons in org.springframework.beans.factory.support.DefaultListableBeanFactory@44739f3f: defining beans [org.springframework.context.annotation.internalConfigurationAnnotationProcessor,org.springframework.context.annotation.internalAutowiredAnnotationProcessor,org.springframework.context.annotation.internalRequiredAnnotationProcessor,org.springframework.context.annotation.internalCommonAnnotationProcessor,persistenceConfig,coreConfig,org.springframework.context.annotation.ConfigurationClassPostProcessor.importAwareProcessor,ordersRepo,orderStatusRepo,orderPersistenceService,menuItemRepository,menuPersistenceService,menuService,orderService]; root of factory hierarchy
2014-09-12 12:45:02 DEBUG DefaultListableBeanFactory:246 - Returning cached instance of singleton bean 'org.springframework.context.annotation.internalConfigurationAnnotationProcessor'
2014-09-12 12:45:02 DEBUG DefaultListableBeanFactory:246 - Returning cached instance of singleton bean 'org.springframework.context.annotation.internalAutowiredAnnotationProcessor'
2014-09-12 12:45:02 DEBUG DefaultListableBeanFactory:246 - Returning cached instance of singleton bean 'org.springframework.context.annotation.internalRequiredAnnotationProcessor'
2014-09-12 12:45:02 DEBUG DefaultListableBeanFactory:246 - Returning cached instance of singleton bean 'org.springframework.context.annotation.internalCommonAnnotationProcessor'
2014-09-12 12:45:02 DEBUG DefaultListableBeanFactory:215 - Creating shared instance of singleton bean 'persistenceConfig'
2014-09-12 12:45:02 DEBUG DefaultListableBeanFactory:432 - Creating instance of bean 'persistenceConfig'
2014-09-12 12:45:02 DEBUG DefaultListableBeanFactory:506 - Eagerly caching bean 'persistenceConfig' to allow for resolving potential circular references
2014-09-12 12:45:02 DEBUG DefaultListableBeanFactory:460 - Finished creating instance of bean 'persistenceConfig'
2014-09-12 12:45:02 DEBUG DefaultListableBeanFactory:215 - Creating shared instance of singleton bean 'coreConfig'
2014-09-12 12:45:02 DEBUG DefaultListableBeanFactory:432 - Creating instance of bean 'coreConfig'
2014-09-12 12:45:02 DEBUG DefaultListableBeanFactory:506 - Eagerly caching bean 'coreConfig' to allow for resolving potential circular references
2014-09-12 12:45:02 DEBUG DefaultListableBeanFactory:460 - Finished creating instance of bean 'coreConfig'
2014-09-12 12:45:02 DEBUG DefaultListableBeanFactory:246 - Returning cached instance of singleton bean 'org.springframework.context.annotation.ConfigurationClassPostProcessor.importAwareProcessor'
2014-09-12 12:45:02 DEBUG DefaultListableBeanFactory:215 - Creating shared instance of singleton bean 'ordersRepo'
2014-09-12 12:45:02 DEBUG DefaultListableBeanFactory:432 - Creating instance of bean 'ordersRepo'
2014-09-12 12:45:02 DEBUG DefaultListableBeanFactory:246 - Returning cached instance of singleton bean 'persistenceConfig'
2014-09-12 12:45:02 DEBUG DefaultListableBeanFactory:506 - Eagerly caching bean 'ordersRepo' to allow for resolving potential circular references
2014-09-12 12:45:02 DEBUG DefaultListableBeanFactory:460 - Finished creating instance of bean 'ordersRepo'
2014-09-12 12:45:02 DEBUG DefaultListableBeanFactory:215 - Creating shared instance of singleton bean 'orderStatusRepo'
2014-09-12 12:45:02 DEBUG DefaultListableBeanFactory:432 - Creating instance of bean 'orderStatusRepo'
2014-09-12 12:45:02 DEBUG DefaultListableBeanFactory:246 - Returning cached instance of singleton bean 'persistenceConfig'
2014-09-12 12:45:02 DEBUG DefaultListableBeanFactory:506 - Eagerly caching bean 'orderStatusRepo' to allow for resolving potential circular references
2014-09-12 12:45:02 DEBUG DefaultListableBeanFactory:460 - Finished creating instance of bean 'orderStatusRepo'
2014-09-12 12:45:02 DEBUG DefaultListableBeanFactory:215 - Creating shared instance of singleton bean 'orderPersistenceService'
2014-09-12 12:45:02 DEBUG DefaultListableBeanFactory:432 - Creating instance of bean 'orderPersistenceService'
2014-09-12 12:45:02 DEBUG DefaultListableBeanFactory:246 - Returning cached instance of singleton bean 'persistenceConfig'
2014-09-12 12:45:02 DEBUG DefaultListableBeanFactory:246 - Returning cached instance of singleton bean 'ordersRepo'
2014-09-12 12:45:02 DEBUG DefaultListableBeanFactory:246 - Returning cached instance of singleton bean 'orderStatusRepo'
2014-09-12 12:45:02 DEBUG DefaultListableBeanFactory:506 - Eagerly caching bean 'orderPersistenceService' to allow for resolving potential circular references
2014-09-12 12:45:02 DEBUG DefaultListableBeanFactory:460 - Finished creating instance of bean 'orderPersistenceService'
2014-09-12 12:45:02 DEBUG DefaultListableBeanFactory:215 - Creating shared instance of singleton bean 'menuItemRepository'
2014-09-12 12:45:02 DEBUG DefaultListableBeanFactory:432 - Creating instance of bean 'menuItemRepository'
2014-09-12 12:45:02 DEBUG DefaultListableBeanFactory:246 - Returning cached instance of singleton bean 'persistenceConfig'
2014-09-12 12:45:02 DEBUG DefaultListableBeanFactory:506 - Eagerly caching bean 'menuItemRepository' to allow for resolving potential circular references
2014-09-12 12:45:02 DEBUG DefaultListableBeanFactory:460 - Finished creating instance of bean 'menuItemRepository'
2014-09-12 12:45:02 DEBUG DefaultListableBeanFactory:215 - Creating shared instance of singleton bean 'menuPersistenceService'
2014-09-12 12:45:02 DEBUG DefaultListableBeanFactory:432 - Creating instance of bean 'menuPersistenceService'
2014-09-12 12:45:02 DEBUG DefaultListableBeanFactory:246 - Returning cached instance of singleton bean 'persistenceConfig'
2014-09-12 12:45:02 DEBUG DefaultListableBeanFactory:246 - Returning cached instance of singleton bean 'menuItemRepository'
2014-09-12 12:45:02 DEBUG DefaultListableBeanFactory:739 - Autowiring by type from bean name 'menuPersistenceService' via factory method to bean named 'menuItemRepository'
2014-09-12 12:45:02 DEBUG DefaultListableBeanFactory:506 - Eagerly caching bean 'menuPersistenceService' to allow for resolving potential circular references
2014-09-12 12:45:02 DEBUG DefaultListableBeanFactory:460 - Finished creating instance of bean 'menuPersistenceService'
2014-09-12 12:45:02 DEBUG DefaultListableBeanFactory:215 - Creating shared instance of singleton bean 'menuService'
2014-09-12 12:45:02 DEBUG DefaultListableBeanFactory:432 - Creating instance of bean 'menuService'
2014-09-12 12:45:02 DEBUG DefaultListableBeanFactory:246 - Returning cached instance of singleton bean 'coreConfig'
2014-09-12 12:45:02 DEBUG DefaultListableBeanFactory:246 - Returning cached instance of singleton bean 'menuPersistenceService'
2014-09-12 12:45:02 DEBUG DefaultListableBeanFactory:739 - Autowiring by type from bean name 'menuService' via factory method to bean named 'menuPersistenceService'
2014-09-12 12:45:02 DEBUG DefaultListableBeanFactory:506 - Eagerly caching bean 'menuService' to allow for resolving potential circular references
2014-09-12 12:45:02 DEBUG DefaultListableBeanFactory:460 - Finished creating instance of bean 'menuService'
2014-09-12 12:45:02 DEBUG DefaultListableBeanFactory:215 - Creating shared instance of singleton bean 'orderService'
2014-09-12 12:45:02 DEBUG DefaultListableBeanFactory:432 - Creating instance of bean 'orderService'
2014-09-12 12:45:02 DEBUG DefaultListableBeanFactory:246 - Returning cached instance of singleton bean 'coreConfig'
2014-09-12 12:45:02 DEBUG DefaultListableBeanFactory:246 - Returning cached instance of singleton bean 'orderPersistenceService'
2014-09-12 12:45:02 DEBUG DefaultListableBeanFactory:739 - Autowiring by type from bean name 'orderService' via factory method to bean named 'orderPersistenceService'
2014-09-12 12:45:02 DEBUG DefaultListableBeanFactory:506 - Eagerly caching bean 'orderService' to allow for resolving potential circular references
2014-09-12 12:45:02 DEBUG DefaultListableBeanFactory:460 - Finished creating instance of bean 'orderService'
2014-09-12 12:45:02 DEBUG GenericApplicationContext:858 - Unable to locate LifecycleProcessor with name 'lifecycleProcessor': using default [org.springframework.context.support.DefaultLifecycleProcessor@1dc85444]
2014-09-12 12:45:02 DEBUG DefaultListableBeanFactory:246 - Returning cached instance of singleton bean 'lifecycleProcessor'
2014-09-12 12:45:02 DEBUG PropertySourcesPropertyResolver:72 - Searching for key 'spring.liveBeansView.mbeanDomain' in [systemProperties]
2014-09-12 12:45:02 DEBUG PropertySourcesPropertyResolver:72 - Searching for key 'spring.liveBeansView.mbeanDomain' in [systemEnvironment]
2014-09-12 12:45:02 DEBUG PropertySourcesPropertyResolver:94 - Could not find key 'spring.liveBeansView.mbeanDomain' in any property source. Returning [null]
2014-09-12 12:45:02 DEBUG CacheAwareContextLoaderDelegate:93 - Storing ApplicationContext in cache under key [[MergedContextConfiguration@215983b7 testClass = CoreDomainIntegrationTest, locations = '{}', classes = '{class com.yummynoodlebar.config.PersistenceConfig, class com.yummynoodlebar.config.CoreConfig}', contextInitializerClasses = '[]', activeProfiles = '{}', contextLoader = 'org.springframework.test.context.support.DelegatingSmartContextLoader', parent = [null]]].
2014-09-12 12:45:02 DEBUG DependencyInjectionTestExecutionListener:73 - Performing dependency injection for test context [[TestContext@49f8d077 testClass = CoreDomainIntegrationTest, testInstance = com.yummynoodlebar.config.CoreDomainIntegrationTest@6e3e5a91, testMethod = [null], testException = [null], mergedContextConfiguration = [MergedContextConfiguration@215983b7 testClass = CoreDomainIntegrationTest, locations = '{}', classes = '{class com.yummynoodlebar.config.PersistenceConfig, class com.yummynoodlebar.config.CoreConfig}', contextInitializerClasses = '[]', activeProfiles = '{}', contextLoader = 'org.springframework.test.context.support.DelegatingSmartContextLoader', parent = [null]]]].
2014-09-12 12:45:02 DEBUG CacheAwareContextLoaderDelegate:104 - Retrieved ApplicationContext from cache with key [[MergedContextConfiguration@215983b7 testClass = CoreDomainIntegrationTest, locations = '{}', classes = '{class com.yummynoodlebar.config.PersistenceConfig, class com.yummynoodlebar.config.CoreConfig}', contextInitializerClasses = '[]', activeProfiles = '{}', contextLoader = 'org.springframework.test.context.support.DelegatingSmartContextLoader', parent = [null]]].
2014-09-12 12:45:02 DEBUG InjectionMetadata:85 - Processing injected method of bean 'com.yummynoodlebar.config.CoreDomainIntegrationTest': AutowiredFieldElement for com.yummynoodlebar.core.services.MenuService com.yummynoodlebar.config.CoreDomainIntegrationTest.menuService
2014-09-12 12:45:02 DEBUG DefaultListableBeanFactory:246 - Returning cached instance of singleton bean 'menuService'
2014-09-12 12:45:02 DEBUG AutowiredAnnotationBeanPostProcessor:433 - Autowiring by type from bean name 'com.yummynoodlebar.config.CoreDomainIntegrationTest' to bean named 'menuService'
2014-09-12 12:45:02 DEBUG InjectionMetadata:85 - Processing injected method of bean 'com.yummynoodlebar.config.CoreDomainIntegrationTest': AutowiredFieldElement for com.yummynoodlebar.core.services.OrderService com.yummynoodlebar.config.CoreDomainIntegrationTest.orderService
2014-09-12 12:45:02 DEBUG DefaultListableBeanFactory:246 - Returning cached instance of singleton bean 'orderService'
2014-09-12 12:45:02 DEBUG AutowiredAnnotationBeanPostProcessor:433 - Autowiring by type from bean name 'com.yummynoodlebar.config.CoreDomainIntegrationTest' to bean named 'orderService'
2014-09-12 12:45:02 DEBUG CacheAwareContextLoaderDelegate:104 - Retrieved ApplicationContext from cache with key [[MergedContextConfiguration@215983b7 testClass = CoreDomainIntegrationTest, locations = '{}', classes = '{class com.yummynoodlebar.config.PersistenceConfig, class com.yummynoodlebar.config.CoreConfig}', contextInitializerClasses = '[]', activeProfiles = '{}', contextLoader = 'org.springframework.test.context.support.DelegatingSmartContextLoader', parent = [null]]].
2014-09-12 12:45:02 DEBUG DirtiesContextTestExecutionListener:107 - After test method: context [[TestContext@49f8d077 testClass = CoreDomainIntegrationTest, testInstance = com.yummynoodlebar.config.CoreDomainIntegrationTest@6e3e5a91, testMethod = addANewOrderToTheSystem@CoreDomainIntegrationTest, testException = [null], mergedContextConfiguration = [MergedContextConfiguration@215983b7 testClass = CoreDomainIntegrationTest, locations = '{}', classes = '{class com.yummynoodlebar.config.PersistenceConfig, class com.yummynoodlebar.config.CoreConfig}', contextInitializerClasses = '[]', activeProfiles = '{}', contextLoader = 'org.springframework.test.context.support.DelegatingSmartContextLoader', parent = [null]]]], class dirties context [false], class mode [null], method dirties context [false].
2014-09-12 12:45:02 DEBUG ServletTestExecutionListener:98 - Resetting RequestContextHolder for test context [TestContext@49f8d077 testClass = CoreDomainIntegrationTest, testInstance = com.yummynoodlebar.config.CoreDomainIntegrationTest@6e3e5a91, testMethod = addANewOrderToTheSystem@CoreDomainIntegrationTest, testException = [null], mergedContextConfiguration = [MergedContextConfiguration@215983b7 testClass = CoreDomainIntegrationTest, locations = '{}', classes = '{class com.yummynoodlebar.config.PersistenceConfig, class com.yummynoodlebar.config.CoreConfig}', contextInitializerClasses = '[]', activeProfiles = '{}', contextLoader = 'org.springframework.test.context.support.DelegatingSmartContextLoader', parent = [null]]].
2014-09-12 12:45:02 DEBUG ProfileValueUtils:68 - Retrieved @ProfileValueSourceConfiguration [null] for test class [com.yummynoodlebar.config.CoreDomainIntegrationTest]
2014-09-12 12:45:02 DEBUG ProfileValueUtils:80 - Retrieved ProfileValueSource type [class org.springframework.test.annotation.SystemProfileValueSource] for class [com.yummynoodlebar.config.CoreDomainIntegrationTest]
2014-09-12 12:45:02 DEBUG CacheAwareContextLoaderDelegate:104 - Retrieved ApplicationContext from cache with key [[MergedContextConfiguration@215983b7 testClass = CoreDomainIntegrationTest, locations = '{}', classes = '{class com.yummynoodlebar.config.PersistenceConfig, class com.yummynoodlebar.config.CoreConfig}', contextInitializerClasses = '[]', activeProfiles = '{}', contextLoader = 'org.springframework.test.context.support.DelegatingSmartContextLoader', parent = [null]]].
2014-09-12 12:45:02 DEBUG DependencyInjectionTestExecutionListener:73 - Performing dependency injection for test context [[TestContext@49f8d077 testClass = CoreDomainIntegrationTest, testInstance = com.yummynoodlebar.config.CoreDomainIntegrationTest@62d337d3, testMethod = [null], testException = [null], mergedContextConfiguration = [MergedContextConfiguration@215983b7 testClass = CoreDomainIntegrationTest, locations = '{}', classes = '{class com.yummynoodlebar.config.PersistenceConfig, class com.yummynoodlebar.config.CoreConfig}', contextInitializerClasses = '[]', activeProfiles = '{}', contextLoader = 'org.springframework.test.context.support.DelegatingSmartContextLoader', parent = [null]]]].
2014-09-12 12:45:02 DEBUG CacheAwareContextLoaderDelegate:104 - Retrieved ApplicationContext from cache with key [[MergedContextConfiguration@215983b7 testClass = CoreDomainIntegrationTest, locations = '{}', classes = '{class com.yummynoodlebar.config.PersistenceConfig, class com.yummynoodlebar.config.CoreConfig}', contextInitializerClasses = '[]', activeProfiles = '{}', contextLoader = 'org.springframework.test.context.support.DelegatingSmartContextLoader', parent = [null]]].
2014-09-12 12:45:02 DEBUG InjectionMetadata:85 - Processing injected method of bean 'com.yummynoodlebar.config.CoreDomainIntegrationTest': AutowiredFieldElement for com.yummynoodlebar.core.services.MenuService com.yummynoodlebar.config.CoreDomainIntegrationTest.menuService
2014-09-12 12:45:02 DEBUG DefaultListableBeanFactory:246 - Returning cached instance of singleton bean 'menuService'
2014-09-12 12:45:02 DEBUG InjectionMetadata:85 - Processing injected method of bean 'com.yummynoodlebar.config.CoreDomainIntegrationTest': AutowiredFieldElement for com.yummynoodlebar.core.services.OrderService com.yummynoodlebar.config.CoreDomainIntegrationTest.orderService
2014-09-12 12:45:02 DEBUG DefaultListableBeanFactory:246 - Returning cached instance of singleton bean 'orderService'
2014-09-12 12:45:02 DEBUG CacheAwareContextLoaderDelegate:104 - Retrieved ApplicationContext from cache with key [[MergedContextConfiguration@215983b7 testClass = CoreDomainIntegrationTest, locations = '{}', classes = '{class com.yummynoodlebar.config.PersistenceConfig, class com.yummynoodlebar.config.CoreConfig}', contextInitializerClasses = '[]', activeProfiles = '{}', contextLoader = 'org.springframework.test.context.support.DelegatingSmartContextLoader', parent = [null]]].
2014-09-12 12:45:02 DEBUG DirtiesContextTestExecutionListener:107 - After test method: context [[TestContext@49f8d077 testClass = CoreDomainIntegrationTest, testInstance = com.yummynoodlebar.config.CoreDomainIntegrationTest@62d337d3, testMethod = thatAllMenuItemsReturned@CoreDomainIntegrationTest, testException = [null], mergedContextConfiguration = [MergedContextConfiguration@215983b7 testClass = CoreDomainIntegrationTest, locations = '{}', classes = '{class com.yummynoodlebar.config.PersistenceConfig, class com.yummynoodlebar.config.CoreConfig}', contextInitializerClasses = '[]', activeProfiles = '{}', contextLoader = 'org.springframework.test.context.support.DelegatingSmartContextLoader', parent = [null]]]], class dirties context [false], class mode [null], method dirties context [false].
2014-09-12 12:45:02 DEBUG ServletTestExecutionListener:98 - Resetting RequestContextHolder for test context [TestContext@49f8d077 testClass = CoreDomainIntegrationTest, testInstance = com.yummynoodlebar.config.CoreDomainIntegrationTest@62d337d3, testMethod = thatAllMenuItemsReturned@CoreDomainIntegrationTest, testException = [null], mergedContextConfiguration = [MergedContextConfiguration@215983b7 testClass = CoreDomainIntegrationTest, locations = '{}', classes = '{class com.yummynoodlebar.config.PersistenceConfig, class com.yummynoodlebar.config.CoreConfig}', contextInitializerClasses = '[]', activeProfiles = '{}', contextLoader = 'org.springframework.test.context.support.DelegatingSmartContextLoader', parent = [null]]].
2014-09-12 12:45:02 DEBUG DirtiesContextTestExecutionListener:138 - After test class: context [[TestContext@49f8d077 testClass = CoreDomainIntegrationTest, testInstance = [null], testMethod = [null], testException = [null], mergedContextConfiguration = [MergedContextConfiguration@215983b7 testClass = CoreDomainIntegrationTest, locations = '{}', classes = '{class com.yummynoodlebar.config.PersistenceConfig, class com.yummynoodlebar.config.CoreConfig}', contextInitializerClasses = '[]', activeProfiles = '{}', contextLoader = 'org.springframework.test.context.support.DelegatingSmartContextLoader', parent = [null]]]], dirtiesContext [false].
]]></system-out>
  <system-err><![CDATA[]]></system-err>
</testsuite>
